1	7	7
2	7	7
3	7	7
4	7	7
5	7	7
6	7	7
7	7	7
8	7	7
9	7	7
10	7	7
11	7	7
12	7	7
13	7	7
14	7	7
15	7	7
16	7	7
17	7	7
18	7	7
19	7	7
20	7	7
21	7	7
22	7	7
23	7	7
24	7	7
25	7	7
26	7	7
27	7	7
28	7	7
29	7	7
30	7	7
31	7	7
32	7	7
33	7	7
34	7	7
35	7	7
36	7	7
37	7	7
38	7	7
39	7	7
40	0	7
41	0	7
42	0	7
43	0	7
44	0	7
45	0	7
46	0	7
47	0	7
48	0	7
49	0	7
50	0	7
51	0	7
52	1	7
53	1	7
54	1	7
55	0	7
56	0	7
57	0	7
58	1	7
59	1	7
60	1	7
61	1	7
62	1	7
63	1	7
64	1	7
65	1	7
66	2	7
67	2	7
68	2	7
69	2	7
70	2	7
71	2	7
72	2	7
73	2	7
74	2	7
75	2	7
76	2	7
77	2	7
78	2	7
79	2	7
80	2	7
81	2	7
82	2	7
83	2	7
84	2	7
85	2	7
86	2	7
87	2	7
88	2	7
89	2	7
90	2	7
91	2	7
92	2	7
93	2	7
94	2	7
95	2	7
96	2	7
97	2	7
98	2	7
99	2	7
100	2	7
101	2	7
102	2	7
103	2	7
104	2	7
105	2	7
106	2	7
107	2	7
108	2	7
109	2	7
110	2	7
111	2	7
112	2	7
113	2	7
114	2	7
115	2	7
116	2	7
117	2	7
118	2	7
119	2	7
120	2	7
121	2	7
122	2	7
123	2	7
124	2	7
125	2	7
126	2	7
127	2	7
128	2	7
129	2	7
130	0	7
131	5	7
132	5	7
133	5	7
134	1	7
135	5	7
136	5	7
137	5	7
138	5	7
139	5	7
140	5	7
141	5	7
142	5	7
143	5	7
144	5	7
145	5	7
146	1	7
147	5	7
148	5	7
149	5	7
150	5	7
151	5	7
152	5	7
153	5	7
154	5	7
155	5	7
156	5	7
157	1	7
158	5	7
159	5	7
160	5	7
161	5	7
162	5	7
163	5	7
164	5	7
165	5	7
166	5	7
167	5	7
168	5	7
169	5	7
170	5	7
171	5	7
172	5	7
173	5	7
174	5	7
175	5	7
176	5	7
177	5	7
178	5	7
179	5	7
180	5	7
181	1	7
182	2	7
183	2	7
184	2	7
185	2	7
186	2	7
187	2	7
188	2	7
189	2	7
190	2	7
191	2	7
192	2	7
193	2	7
194	2	7
195	2	7
196	2	7
197	2	7
198	2	7
199	2	7
200	2	7
201	2	7
202	2	7
203	2	7
204	2	7
205	2	7
206	2	7
207	2	7
208	2	7
209	2	7
210	2	7
211	2	7
212	2	7
213	2	7
214	2	7
215	2	7
216	2	7
217	2	7
218	2	7
219	2	7
220	2	7
221	2	7
222	2	7
223	2	7
224	2	7
225	2	7
226	2	7
227	2	7
228	2	7
229	2	7
230	2	7
231	2	7
232	2	7
233	2	7
234	2	7
235	2	7
236	2	7
237	2	7
238	2	7
239	2	7
240	2	7
241	2	7
242	2	7
243	2	7
244	2	7
245	2	7
246	2	7
247	2	7
248	2	7
249	2	7
250	2	7
251	2	7
252	1	7
253	2	7
254	0	7
255	0	7
256	0	7
257	0	7
258	0	7
259	0	7
260	0	7
261	0	7
262	0	7
263	0	7
264	0	7
265	1	7
266	1	7
267	0	7
268	0	7
269	0	7
270	0	7
271	1	7
272	1	7
273	1	7
274	2	7
275	0	7
276	1	7
277	2	7
278	0	7
279	1	7
280	1	7
281	2	7
282	2	7
283	2	7
284	2	7
285	2	7
286	2	7
287	2	7
288	2	7
289	2	7
290	2	7
291	2	7
292	2	7
293	2	7
294	2	7
295	2	7
296	2	7
297	2	7
298	2	7
299	2	7
300	2	7
301	2	7
302	2	7
303	2	7
304	2	7
305	2	7
306	2	7
307	2	7
308	2	7
309	2	7
310	0	7
311	0	7
312	0	7
313	0	7
314	0	7
315	0	7
316	0	7
317	0	7
318	0	7
319	0	7
320	0	7
321	0	7
322	0	7
323	0	7
324	0	7
325	0	7
326	1	7
327	2	7
328	2	7
329	2	7
330	2	7
331	2	7
332	2	7
333	2	7
334	2	7
335	2	7
336	2	7
337	2	7
338	2	7
339	2	7
340	2	7
341	2	7
342	2	7
343	2	7
344	2	7
345	2	7
346	2	7
347	2	7
348	2	7
349	2	7
350	2	7
351	2	7
352	2	7
353	2	7
354	2	7
355	2	7
356	2	7
357	2	7
358	2	7
359	0	7
360	0	7
361	0	7
362	1	7
363	1	7
364	1	7
365	0	7
366	1	7
367	1	7
368	2	7
369	2	7
370	2	7
371	2	7
372	2	7
373	2	7
374	2	7
375	2	7
376	2	7
377	2	7
378	2	7
379	2	7
380	2	7
381	2	7
382	2	7
383	2	7
384	2	7
385	2	7
386	2	7
387	2	7
388	2	7
389	2	7
390	2	7
391	2	7
392	2	7
393	2	7
394	2	7
395	2	7
396	2	7
397	2	7
398	2	7
399	2	7
400	2	7
401	2	7
402	2	7
403	2	7
404	2	7
405	2	7
406	2	7
407	2	7
408	2	7
409	2	7
410	2	7
411	2	7
412	2	7
413	2	7
414	2	7
415	2	7
416	2	7
417	2	7
418	2	7
419	2	7
420	2	7
421	2	7
422	2	7
423	2	7
424	2	7
425	2	7
426	2	7
427	2	7
428	5	7
429	5	7
430	5	7
431	5	7
432	5	7
433	1	7
434	1	7
435	5	7
436	5	7
437	5	7
438	5	7
439	5	7
440	5	7
441	5	7
442	5	7
443	5	7
444	5	7
445	5	7
446	5	7
447	5	7
448	5	7
449	5	7
450	5	7
451	5	7
452	5	7
453	5	7
454	5	7
455	5	7
456	5	7
457	5	7
458	5	7
459	5	7
460	5	7
461	5	7
462	5	7
463	5	7
464	5	7
465	5	7
466	5	7
467	1	7
468	5	7
469	5	7
470	5	7
471	5	7
472	5	7
473	5	7
474	5	7
475	5	7
476	5	7
477	0	7
478	1	7
479	1	7
480	5	7
481	5	7
482	1	7
483	0	7
484	0	7
485	0	7
486	0	7
487	0	7
488	0	7
489	0	7
490	0	7
491	0	7
492	0	7
493	0	7
494	0	7
495	0	7
496	0	7
497	0	7
498	0	7
499	0	7
500	0	7
501	0	7
502	0	7
503	0	7
504	0	7
505	0	7
506	0	7
507	1	7
508	1	7
509	1	7
510	1	7
511	1	7
512	2	7
513	2	7
514	0	7
515	0	7
516	1	7
517	1	7
518	0	7
519	1	7
520	2	7
521	2	7
522	2	7
523	2	7
524	1	7
525	1	7
526	2	7
527	2	7
528	2	7
529	2	7
530	2	7
531	2	7
532	2	7
533	2	7
534	2	7
535	2	7
536	2	7
537	2	7
538	2	7
539	2	7
540	2	7
541	2	7
542	2	7
543	2	7
544	2	7
545	2	7
546	2	7
547	2	7
548	2	7
549	2	7
550	2	7
551	2	7
552	2	7
553	2	7
554	2	7
555	2	7
556	2	7
557	2	7
558	2	7
559	2	7
560	2	7
561	2	7
562	2	7
563	2	7
564	2	7
565	2	7
566	2	7
567	2	7
568	2	7
569	2	7
570	2	7
571	2	7
572	2	7
573	2	7
574	2	7
575	2	7
576	2	7
577	2	7
578	2	7
579	2	7
580	2	7
581	2	7
582	2	7
583	2	7
584	2	7
585	2	7
586	2	7
587	2	7
588	2	7
589	2	7
590	2	7
591	2	7
592	2	7
593	2	7
594	2	7
595	2	7
596	2	7
597	2	7
598	2	7
599	0	7
600	0	7
601	0	7
602	0	7
603	2	7
604	2	7
605	2	7
606	2	7
607	2	7
608	2	7
609	2	7
610	2	7
611	2	7
612	2	7
613	2	7
614	2	7
615	2	7
616	2	7
617	2	7
618	2	7
619	2	7
620	2	7
621	2	7
622	0	7
623	0	7
624	0	7
625	0	7
626	0	7
627	0	7
628	0	7
629	0	7
630	0	7
631	0	7
632	0	7
633	0	7
634	0	7
635	0	7
636	0	7
637	0	7
638	0	7
639	0	7
640	0	7
641	0	7
642	0	7
643	0	7
644	0	7
645	0	7
646	0	7
647	0	7
648	0	7
649	0	7
650	0	7
651	0	7
652	0	7
653	0	7
654	0	7
655	0	7
656	0	7
657	0	7
658	0	7
659	0	7
660	0	7
661	0	7
662	0	7
663	0	7
664	7	7
665	7	7
666	7	7
667	7	7
668	7	7
669	7	7
670	7	7
671	7	7
672	7	7
673	7	7
674	7	7
675	7	7
676	7	7
677	7	7
678	7	7
679	7	7
680	7	7
681	0	7
682	0	7
683	0	7
684	0	7
685	0	7
686	0	7
687	0	7
688	0	7
689	0	7
690	0	7
691	0	7
692	0	7
693	0	7
694	0	7
695	0	7
696	0	7
697	0	7
698	0	7
699	0	7
700	0	7
701	0	7
702	0	7
703	0	7
704	0	7
705	0	7
706	0	7
707	0	7
708	0	7
709	0	7
710	0	7
711	0	7
712	0	7
713	0	7
714	0	7
715	0	7
716	0	7
717	0	7
718	0	7
719	0	7
720	0	7
721	0	7
722	0	7
723	0	7
724	0	7
725	0	7
726	0	7
727	0	7
728	0	7
729	0	7
730	0	7
731	0	7
732	0	7
733	0	7
734	0	7
735	0	7
736	0	7
737	0	7
738	0	7
739	0	7
740	1	7
741	1	7
742	1	7
743	1	7
744	1	7
745	1	7
746	1	7
747	2	7
748	1	7
749	1	7
750	1	7
751	1	7
752	1	7
753	1	7
754	1	7
755	2	7
756	2	7
757	1	7
758	2	7
759	2	7
760	2	7
761	2	7
762	0	7
763	0	7
764	0	7
765	0	7
766	0	7
767	0	7
768	0	7
769	0	7
770	1	7
771	1	7
772	2	7
773	2	7
774	2	7
775	2	7
776	2	7
777	2	7
778	2	7
779	2	7
780	2	7
781	2	7
782	2	7
783	2	7
784	2	7
785	2	7
786	2	7
787	2	7
788	2	7
789	2	7
790	2	7
791	2	7
792	2	7
793	2	7
794	2	7
795	2	7
796	2	7
797	1	7
798	1	7
799	2	7
800	2	7
801	2	7
802	2	7
803	2	7
804	2	7
805	2	7
806	2	7
807	2	7
808	2	7
809	2	7
810	0	7
811	0	7
812	0	7
813	0	7
814	0	7
815	1	7
816	1	7
817	1	7
818	1	7
819	2	7
820	2	7
821	0	7
822	2	7
823	0	7
824	0	7
825	0	7
826	0	7
827	0	7
828	1	7
829	1	7
830	1	7
831	1	7
832	2	7
833	2	7
834	2	7
835	1	7
836	1	7
837	5	7
838	5	7
839	5	7
840	5	7
841	1	7
842	1	7
843	5	7
844	5	7
845	5	7
846	5	7
847	0	7
848	5	7
849	5	7
850	0	7
851	0	7
852	5	7
853	5	7
854	5	7
855	5	7
856	5	7
857	5	7
858	5	7
859	5	7
860	5	7
861	5	7
862	5	7
863	5	7
864	5	7
865	5	7
866	5	7
867	5	7
868	5	7
869	5	7
870	5	7
871	5	7
872	5	7
873	5	7
874	5	7
875	5	7
876	0	7
877	0	7
878	0	7
879	0	7
880	0	7
881	0	7
882	1	7
883	1	7
884	1	7
885	1	7
886	1	7
887	0	7
888	1	7
889	2	7
890	1	7
891	1	7
892	2	7
893	2	7
894	2	7
895	2	7
896	2	7
897	2	7
898	2	7
899	1	7
900	1	7
901	1	7
902	0	7
903	0	7
904	1	7
905	1	7
906	2	7
907	2	7
908	2	7
909	2	7
910	2	7
911	2	7
912	2	7
913	2	7
914	2	7
915	2	7
916	2	7
917	5	7
918	5	7
919	1	7
920	2	7
921	2	7
922	2	7
923	2	7
924	2	7
925	2	7
926	2	7
927	2	7
928	2	7
929	2	7
930	2	7
931	2	7
932	2	7
933	2	7
934	2	7
935	2	7
936	2	7
937	2	7
938	2	7
939	0	7
940	0	7
941	0	7
942	0	7
943	0	7
944	1	7
945	1	7
946	1	7
947	1	7
948	1	7
949	2	7
950	2	7
951	2	7
952	2	7
953	2	7
954	2	7
955	2	7
956	2	7
957	2	7
958	2	7
959	2	7
960	2	7
961	2	7
962	2	7
963	2	7
964	2	7
965	2	7
966	2	7
967	2	7
968	2	7
969	2	7
970	2	7
971	2	7
972	2	7
973	2	7
974	2	7
975	2	7
976	2	7
977	2	7
978	2	7
979	0	7
980	0	7
981	0	7
982	0	7
983	1	7
984	2	7
985	2	7
986	2	7
987	2	7
988	2	7
989	2	7
990	2	7
991	2	7
992	2	7
993	2	7
994	2	7
995	2	7
996	2	7
997	2	7
998	2	7
999	7	7
1000	7	7
